<?xml version="1.0" encoding="UTF-8"?>
<!-- Generated by org.testng.reporters.JUnitReportReporter -->
<testsuite hostname="DESKTOP-0KH341F" failures="0" tests="56" name="Runnerfiles.Runnerclass" time="1000.823" errors="0" timestamp="2023-11-24T12:53:04 EST" skipped="0">
  <testcase classname="Runnerfiles.Runnerclass" name="runScenario" time="55.697"/>
  <testcase classname="Runnerfiles.Runnerclass" name="runScenario" time="28.270"/>
  <testcase classname="Runnerfiles.Runnerclass" name="runScenario" time="16.207"/>
  <testcase classname="Runnerfiles.Runnerclass" name="runScenario" time="7.551"/>
  <testcase classname="Runnerfiles.Runnerclass" name="runScenario" time="8.300"/>
  <testcase classname="Runnerfiles.Runnerclass" name="runScenario" time="7.994"/>
  <testcase classname="Runnerfiles.Runnerclass" name="runScenario" time="3.829"/>
  <testcase classname="Runnerfiles.Runnerclass" name="runScenario" time="4.921"/>
  <testcase classname="Runnerfiles.Runnerclass" name="runScenario" time="27.522"/>
  <testcase classname="Runnerfiles.Runnerclass" name="runScenario" time="8.266"/>
  <testcase classname="Runnerfiles.Runnerclass" name="runScenario" time="15.924"/>
  <testcase classname="Runnerfiles.Runnerclass" name="runScenario" time="25.398"/>
  <testcase classname="Runnerfiles.Runnerclass" name="runScenario" time="7.477"/>
  <testcase classname="Runnerfiles.Runnerclass" name="runScenario" time="16.296"/>
  <testcase classname="Runnerfiles.Runnerclass" name="runScenario" time="5.373"/>
  <testcase classname="Runnerfiles.Runnerclass" name="runScenario" time="5.029"/>
  <testcase classname="Runnerfiles.Runnerclass" name="runScenario" time="6.415"/>
  <testcase classname="Runnerfiles.Runnerclass" name="runScenario" time="4.590"/>
  <testcase classname="Runnerfiles.Runnerclass" name="runScenario" time="24.188"/>
  <testcase classname="Runnerfiles.Runnerclass" name="runScenario" time="35.169"/>
  <testcase classname="Runnerfiles.Runnerclass" name="runScenario" time="63.280"/>
  <testcase classname="Runnerfiles.Runnerclass" name="runScenario" time="131.407"/>
  <testcase classname="Runnerfiles.Runnerclass" name="runScenario" time="11.531"/>
  <testcase classname="Runnerfiles.Runnerclass" name="runScenario" time="9.787"/>
  <testcase classname="Runnerfiles.Runnerclass" name="runScenario" time="8.722"/>
  <testcase classname="Runnerfiles.Runnerclass" name="runScenario" time="11.680"/>
  <testcase classname="Runnerfiles.Runnerclass" name="runScenario" time="11.161"/>
  <testcase classname="Runnerfiles.Runnerclass" name="runScenario" time="4.944"/>
  <testcase classname="Runnerfiles.Runnerclass" name="runScenario" time="30.904"/>
  <testcase classname="Runnerfiles.Runnerclass" name="runScenario" time="5.480"/>
  <testcase classname="Runnerfiles.Runnerclass" name="runScenario" time="14.191"/>
  <testcase classname="Runnerfiles.Runnerclass" name="runScenario" time="8.602"/>
  <testcase classname="Runnerfiles.Runnerclass" name="runScenario" time="74.629"/>
  <testcase classname="Runnerfiles.Runnerclass" name="runScenario" time="20.096"/>
  <testcase classname="Runnerfiles.Runnerclass" name="runScenario" time="7.958"/>
  <testcase classname="Runnerfiles.Runnerclass" name="runScenario" time="7.571"/>
  <testcase classname="Runnerfiles.Runnerclass" name="runScenario" time="0.051"/>
  <testcase classname="Runnerfiles.Runnerclass" name="runScenario" time="22.227"/>
  <testcase classname="Runnerfiles.Runnerclass" name="runScenario" time="4.078"/>
  <testcase classname="Runnerfiles.Runnerclass" name="runScenario" time="5.709"/>
  <testcase classname="Runnerfiles.Runnerclass" name="runScenario" time="4.839"/>
  <testcase classname="Runnerfiles.Runnerclass" name="runScenario" time="11.064"/>
  <testcase classname="Runnerfiles.Runnerclass" name="runScenario" time="40.114"/>
  <testcase classname="Runnerfiles.Runnerclass" name="runScenario" time="18.738"/>
  <testcase classname="Runnerfiles.Runnerclass" name="runScenario" time="17.426"/>
  <testcase classname="Runnerfiles.Runnerclass" name="runScenario" time="16.804"/>
  <testcase classname="Runnerfiles.Runnerclass" name="runScenario" time="3.651"/>
  <testcase classname="Runnerfiles.Runnerclass" name="runScenario" time="11.166"/>
  <testcase classname="Runnerfiles.Runnerclass" name="runScenario" time="15.475"/>
  <testcase classname="Runnerfiles.Runnerclass" name="runScenario" time="26.653"/>
  <testcase classname="Runnerfiles.Runnerclass" name="runScenario" time="5.619"/>
  <testcase classname="Runnerfiles.Runnerclass" name="runScenario" time="8.533"/>
  <testcase classname="Runnerfiles.Runnerclass" name="runScenario" time="11.664"/>
  <testcase classname="Runnerfiles.Runnerclass" name="runScenario" time="20.170"/>
  <testcase classname="Runnerfiles.Runnerclass" name="runScenario" time="3.216"/>
  <testcase classname="Runnerfiles.Runnerclass" name="runScenario" time="17.267"/>
</testsuite> <!-- Runnerfiles.Runnerclass -->
